Created by PLY version 3.11 (http://www.dabeaz.com/ply)

Grammar

Rule 0     S' -> statement
Rule 1     statement -> RESERVADA
Rule 2     statement -> LIBRE

Terminals, with rules where they appear

LIBRE                : 2
RESERVADA            : 1
error                : 

Nonterminals, with rules where they appear

statement            : 0

Parsing method: LALR

state 0

    (0) S' -> . statement
    (1) statement -> . RESERVADA
    (2) statement -> . LIBRE

    RESERVADA       shift and go to state 2
    LIBRE           shift and go to state 3

    statement                      shift and go to state 1

state 1

    (0) S' -> statement .



state 2

    (1) statement -> RESERVADA .

    $end            reduce using rule 1 (statement -> RESERVADA .)


state 3

    (2) statement -> LIBRE .

    $end            reduce using rule 2 (statement -> LIBRE .)

